Sun Jan 29 2017 14:58:05 GMT-0600 (CST): GET /about
Sun Jan 29 2017 14:58:07 GMT-0600 (CST): GET /about
Sun Jan 29 2017 14:59:07 GMT-0600 (CST): GET /contact
Sun Jan 29 2017 14:59:44 GMT-0600 (CST): GET /
Sun Jan 29 2017 14:59:47 GMT-0600 (CST): GET /about
Sun Jan 29 2017 15:01:23 GMT-0600 (CST): GET /about
Sun Jan 29 2017 15:01:24 GMT-0600 (CST): GET /about
Sun Jan 29 2017 15:01:59 GMT-0600 (CST): GET /maintence
Sun Jan 29 2017 15:03:02 GMT-0600 (CST): GET /maintence
Sun Jan 29 2017 15:03:06 GMT-0600 (CST): GET /
Sun Jan 29 2017 15:03:07 GMT-0600 (CST): GET /
Sun Jan 29 2017 15:03:08 GMT-0600 (CST): GET /
Sun Jan 29 2017 15:04:30 GMT-0600 (CST): GET /
Sun Jan 29 2017 15:04:44 GMT-0600 (CST): GET /about
Sun Jan 29 2017 15:04:48 GMT-0600 (CST): GET /farts
Sun Jan 29 2017 15:05:00 GMT-0600 (CST): GET /farts
Sun Jan 29 2017 15:05:03 GMT-0600 (CST): GET /
Mon Jan 30 2017 15:54:18 GMT-0600 (CST): GET /
Mon Jan 30 2017 15:54:20 GMT-0600 (CST): GET /about
Mon Jan 30 2017 15:54:22 GMT-0600 (CST): GET /about
Mon Jan 30 2017 15:54:22 GMT-0600 (CST): GET /
Mon Jan 30 2017 15:54:23 GMT-0600 (CST): GET /about
Mon Jan 30 2017 15:54:24 GMT-0600 (CST): GET /about
Mon Jan 30 2017 15:54:24 GMT-0600 (CST): GET /contact
Mon Jan 30 2017 15:54:25 GMT-0600 (CST): GET /about
Mon Jan 30 2017 15:54:50 GMT-0600 (CST): GET /about
Mon Jan 30 2017 15:54:51 GMT-0600 (CST): GET /portfolio
Mon Jan 30 2017 15:54:53 GMT-0600 (CST): GET /contact
Mon Jan 30 2017 15:54:54 GMT-0600 (CST): GET /about
Mon Jan 30 2017 15:54:54 GMT-0600 (CST): GET /
Mon Jan 30 2017 15:54:55 GMT-0600 (CST): GET /about
Mon Jan 30 2017 15:54:55 GMT-0600 (CST): GET /portfolio
Mon Jan 30 2017 15:54:57 GMT-0600 (CST): GET /contact
Mon Jan 30 2017 15:54:57 GMT-0600 (CST): GET /portfolio
Mon Jan 30 2017 15:54:58 GMT-0600 (CST): GET /about
Mon Jan 30 2017 15:54:59 GMT-0600 (CST): GET /
Mon Jan 30 2017 15:54:59 GMT-0600 (CST): GET /about
Mon Jan 30 2017 15:54:59 GMT-0600 (CST): GET /portfolio
Mon Jan 30 2017 15:55:00 GMT-0600 (CST): GET /contact
Mon Jan 30 2017 15:55:00 GMT-0600 (CST): GET /portfolio
Mon Jan 30 2017 15:55:01 GMT-0600 (CST): GET /about
Mon Jan 30 2017 15:55:01 GMT-0600 (CST): GET /
Mon Jan 30 2017 15:55:02 GMT-0600 (CST): GET /about
Mon Jan 30 2017 15:55:03 GMT-0600 (CST): GET /portfolio
Mon Jan 30 2017 15:55:03 GMT-0600 (CST): GET /contact
Mon Jan 30 2017 15:55:04 GMT-0600 (CST): GET /portfolio
Mon Jan 30 2017 15:55:04 GMT-0600 (CST): GET /about
Mon Jan 30 2017 15:55:05 GMT-0600 (CST): GET /
Mon Jan 30 2017 15:55:05 GMT-0600 (CST): GET /about
Mon Jan 30 2017 15:55:06 GMT-0600 (CST): GET /portfolio
Mon Jan 30 2017 15:55:06 GMT-0600 (CST): GET /contact
Mon Jan 30 2017 15:55:07 GMT-0600 (CST): GET /portfolio
Mon Jan 30 2017 15:55:08 GMT-0600 (CST): GET /about
Mon Jan 30 2017 15:55:08 GMT-0600 (CST): GET /
Mon Jan 30 2017 15:55:09 GMT-0600 (CST): GET /about
Mon Jan 30 2017 15:55:09 GMT-0600 (CST): GET /portfolio
Mon Jan 30 2017 15:55:10 GMT-0600 (CST): GET /contact
Mon Jan 30 2017 15:55:10 GMT-0600 (CST): GET /portfolio
Mon Jan 30 2017 15:55:11 GMT-0600 (CST): GET /about
Mon Jan 30 2017 15:55:12 GMT-0600 (CST): GET /
Mon Jan 30 2017 15:55:12 GMT-0600 (CST): GET /about
Mon Jan 30 2017 15:55:12 GMT-0600 (CST): GET /portfolio
Mon Jan 30 2017 15:55:13 GMT-0600 (CST): GET /contact
Mon Jan 30 2017 15:55:13 GMT-0600 (CST): GET /portfolio
Mon Jan 30 2017 15:55:14 GMT-0600 (CST): GET /about
Mon Jan 30 2017 15:55:14 GMT-0600 (CST): GET /
Mon Jan 30 2017 15:55:15 GMT-0600 (CST): GET /about
Mon Jan 30 2017 15:55:16 GMT-0600 (CST): GET /portfolio
Mon Jan 30 2017 15:55:16 GMT-0600 (CST): GET /contact
